0 info it worked if it ends with ok
1 verbose cli [
1 verbose cli   '/Users/victor.tiurin/.nvm/versions/node/v14.17.3/bin/node',
1 verbose cli   '/Users/victor.tiurin/.nvm/versions/node/v14.17.3/bin/npm',
1 verbose cli   'test',
1 verbose cli   '--no-cache'
1 verbose cli ]
2 info using npm@6.14.13
3 info using node@v14.17.3
4 verbose stack Error: ENOENT: no such file or directory, open '/Users/victor.tiurin/Projects/libs/rust/rustlings/package.json'
5 verbose cwd /Users/victor.tiurin/Projects/libs/rust/rustlings
6 verbose Darwin 20.5.0
7 verbose argv "/Users/victor.tiurin/.nvm/versions/node/v14.17.3/bin/node" "/Users/victor.tiurin/.nvm/versions/node/v14.17.3/bin/npm" "test" "--no-cache"
8 verbose node v14.17.3
9 verbose npm  v6.14.13
10 error code ENOENT
11 error syscall open
12 error path /Users/victor.tiurin/Projects/libs/rust/rustlings/package.json
13 error errno -2
14 error enoent ENOENT: no such file or directory, open '/Users/victor.tiurin/Projects/libs/rust/rustlings/package.json'
15 error enoent This is related to npm not being able to find a file.
16 verbose exit [ -2, true ]
